<?xml version="1.0" encoding="UTF-8"?>
<!-- Generated by org.testng.reporters.JUnitReportReporter -->
<testsuite hostname="ATMECSINLT-601" failures="0" tests="1" name="com.atmecs.amazonshoppingsite.testscript.WomenFashionTest" time="23.321" errors="0" timestamp="2020-12-29T16:34:25 IST" skipped="0">
  <testcase classname="com.atmecs.amazonshoppingsite.testscript.WomenFashionTest" name="womenFashion" time="23.321"/>
  <system-out>
Clicking menu Clicking women fashion from category Clicking bags product Clicking bags  </system-out>
</testsuite> <!-- com.atmecs.amazonshoppingsite.testscript.WomenFashionTest -->
