<?xml version="1.0" encoding="UTF-8"?>
<!-- Generated by org.testng.reporters.JUnitReportReporter -->
<testsuite hostname="ATMECSINLT-601" failures="0" tests="1" name="com.atmecs.amazonshoppingsite.testscript.SearchProductTest" time="25.540" errors="0" timestamp="2020-12-29T17:53:07 IST" skipped="0">
  <testcase classname="com.atmecs.amazonshoppingsite.testscript.SearchProductTest" name="searchProduct" time="25.540"/>
  <system-out>
Entering product name on searchbox Clicking search icon Scroll to select the product Selecting a product Switching to new window Adding product to the cart Opening and view products in the cart Delete product from the cart  </system-out>
</testsuite> <!-- com.atmecs.amazonshoppingsite.testscript.SearchProductTest -->
