<?xml version="1.0" encoding="UTF-8"?>
<!-- Generated by org.testng.reporters.JUnitReportReporter -->
<testsuite hostname="ATMECSINLT-601" failures="0" tests="1" name="com.atmecs.amazonshoppingsite.testscript.WomenFashionTest" time="32.691" errors="0" timestamp="2020-12-29T17:05:06 IST" skipped="0">
  <testcase classname="com.atmecs.amazonshoppingsite.testscript.WomenFashionTest" name="womenFashion" time="32.691"/>
  <system-out>
Clicking menu Clicking women fashion from category Clicking bags product Clicking bags Filter by rating Selecting bag  </system-out>
</testsuite> <!-- com.atmecs.amazonshoppingsite.testscript.WomenFashionTest -->
